# JRE version: OpenJDK Runtime Environment (11.0.10+9) (build 11.0.10+9-Ubuntu-0ubuntu1.20.04)
# Java VM: OpenJDK 64-Bit Server VM (11.0.10+9-Ubuntu-0ubuntu1.20.04, mixed mode, sharing, tiered, compressed oops, g1 gc, linux-amd64)
Heap:
 garbage-first heap   total 98304K, used 36337K [0x00000000a3200000, 0x0000000100000000)
  region size 1024K, 4 young (4096K), 2 survivors (2048K)
 Metaspace       used 36488K, capacity 37929K, committed 38096K, reserved 1081344K
  class space    used 4717K, capacity 5326K, committed 5408K, reserved 1048576K
GC Heap History (20 events):
Event: 30200.096 GC heap before
{Heap before GC invocations=56 (full 0):
 garbage-first heap   total 98304K, used 81883K [0x00000000a3200000, 0x0000000100000000)
  region size 1024K, 48 young (49152K), 2 survivors (2048K)
 Metaspace       used 36481K, capacity 37929K, committed 38096K, reserved 1081344K
  class space    used 4717K, capacity 5326K, committed 5408K, reserved 1048576K
}
Event: 30200.098 GC heap after
{Heap after GC invocations=57 (full 0):
 garbage-first heap   total 98304K, used 34933K [0x00000000a3200000, 0x0000000100000000)
  region size 1024K, 2 young (2048K), 2 survivors (2048K)
 Metaspace       used 36481K, capacity 37929K, committed 38096K, reserved 1081344K
  class space    used 4717K, capacity 5326K, committed 5408K, reserved 1048576K
}
Event: 30210.291 GC heap before
{Heap before GC invocations=57 (full 0):
 garbage-first heap   total 98304K, used 82037K [0x00000000a3200000, 0x0000000100000000)
  region size 1024K, 48 young (49152K), 2 survivors (2048K)
 Metaspace       used 36481K, capacity 37929K, committed 38096K, reserved 1081344K
  class space    used 4717K, capacity 5326K, committed 5408K, reserved 1048576K
}
Event: 30210.294 GC heap after
{Heap after GC invocations=58 (full 0):
 garbage-first heap   total 98304K, used 35446K [0x00000000a3200000, 0x0000000100000000)
  region size 1024K, 2 young (2048K), 2 survivors (2048K)
 Metaspace       used 36481K, capacity 37929K, committed 38096K, reserved 1081344K
  class space    used 4717K, capacity 5326K, committed 5408K, reserved 1048576K
}
Event: 30491.324 GC heap before
{Heap before GC invocations=58 (full 0):
 garbage-first heap   total 98304K, used 81526K [0x00000000a3200000, 0x0000000100000000)
  region size 1024K, 47 young (48128K), 2 survivors (2048K)
 Metaspace       used 36481K, capacity 37929K, committed 38096K, reserved 1081344K
  class space    used 4717K, capacity 5326K, committed 5408K, reserved 1048576K
}
Event: 30491.346 GC heap after
{Heap after GC invocations=59 (full 0):
 garbage-first heap   total 98304K, used 35130K [0x00000000a3200000, 0x0000000100000000)
  region size 1024K, 2 young (2048K), 2 survivors (2048K)
 Metaspace       used 36481K, capacity 37929K, committed 38096K, reserved 1081344K
  class space    used 4717K, capacity 5326K, committed 5408K, reserved 1048576K
}
Event: 30506.078 GC heap before
{Heap before GC invocations=59 (full 0):
 garbage-first heap   total 98304K, used 81210K [0x00000000a3200000, 0x0000000100000000)
  region size 1024K, 47 young (48128K), 2 survivors (2048K)
 Metaspace       used 36485K, capacity 37929K, committed 38096K, reserved 1081344K
  class space    used 4717K, capacity 5326K, committed 5408K, reserved 1048576K
}
Event: 30506.082 GC heap after
{Heap after GC invocations=60 (full 0):
 garbage-first heap   total 98304K, used 35225K [0x00000000a3200000, 0x0000000100000000)
  region size 1024K, 2 young (2048K), 2 survivors (2048K)
 Metaspace       used 36485K, capacity 37929K, committed 38096K, reserved 1081344K
  class space    used 4717K, capacity 5326K, committed 5408K, reserved 1048576K
}
Event: 30518.765 GC heap before
{Heap before GC invocations=60 (full 0):
 garbage-first heap   total 98304K, used 81305K [0x00000000a3200000, 0x0000000100000000)
  region size 1024K, 47 young (48128K), 2 survivors (2048K)
 Metaspace       used 36486K, capacity 37929K, committed 38096K, reserved 1081344K
  class space    used 4717K, capacity 5326K, committed 5408K, reserved 1048576K
}
Event: 30518.768 GC heap after
{Heap after GC invocations=61 (full 0):
 garbage-first heap   total 98304K, used 35356K [0x00000000a3200000, 0x0000000100000000)
  region size 1024K, 2 young (2048K), 2 survivors (2048K)
 Metaspace       used 36486K, capacity 37929K, committed 38096K, reserved 1081344K
  class space    used 4717K, capacity 5326K, committed 5408K, reserved 1048576K
}
Event: 30538.779 GC heap before
{Heap before GC invocations=61 (full 0):
 garbage-first heap   total 98304K, used 81436K [0x00000000a3200000, 0x0000000100000000)
  region size 1024K, 47 young (48128K), 2 survivors (2048K)
 Metaspace       used 36486K, capacity 37929K, committed 38096K, reserved 1081344K
  class space    used 4717K, capacity 5326K, committed 5408K, reserved 1048576K
}
Event: 30538.781 GC heap after
{Heap after GC invocations=62 (full 0):
 garbage-first heap   total 98304K, used 34827K [0x00000000a3200000, 0x0000000100000000)
  region size 1024K, 2 young (2048K), 2 survivors (2048K)
 Metaspace       used 36486K, capacity 37929K, committed 38096K, reserved 1081344K
  class space    used 4717K, capacity 5326K, committed 5408K, reserved 1048576K
}
Event: 30780.324 GC heap before
{Heap before GC invocations=62 (full 0):
 garbage-first heap   total 98304K, used 80907K [0x00000000a3200000, 0x0000000100000000)
  region size 1024K, 48 young (49152K), 2 survivors (2048K)
 Metaspace       used 36487K, capacity 37929K, committed 38096K, reserved 1081344K
  class space    used 4717K, capacity 5326K, committed 5408K, reserved 1048576K
}
Event: 30780.329 GC heap after
{Heap after GC invocations=63 (full 0):
 garbage-first heap   total 98304K, used 35658K [0x00000000a3200000, 0x0000000100000000)
  region size 1024K, 2 young (2048K), 2 survivors (2048K)
 Metaspace       used 36487K, capacity 37929K, committed 38096K, reserved 1081344K
  class space    used 4717K, capacity 5326K, committed 5408K, reserved 1048576K
}
Event: 31001.449 GC heap before
{Heap before GC invocations=63 (full 0):
 garbage-first heap   total 98304K, used 80714K [0x00000000a3200000, 0x0000000100000000)
  region size 1024K, 47 young (48128K), 2 survivors (2048K)
 Metaspace       used 36487K, capacity 37929K, committed 38096K, reserved 1081344K
  class space    used 4717K, capacity 5326K, committed 5408K, reserved 1048576K
}
Event: 31001.674 GC heap after
{Heap after GC invocations=64 (full 0):
 garbage-first heap   total 98304K, used 36408K [0x00000000a3200000, 0x0000000100000000)
  region size 1024K, 3 young (3072K), 3 survivors (3072K)
 Metaspace       used 36487K, capacity 37929K, committed 38096K, reserved 1081344K
  class space    used 4717K, capacity 5326K, committed 5408K, reserved 1048576K
}
Event: 32157.453 GC heap before
{Heap before GC invocations=64 (full 0):
 garbage-first heap   total 98304K, used 81464K [0x00000000a3200000, 0x0000000100000000)
  region size 1024K, 47 young (48128K), 3 survivors (3072K)
 Metaspace       used 36487K, capacity 37929K, committed 38096K, reserved 1081344K
  class space    used 4717K, capacity 5326K, committed 5408K, reserved 1048576K
}
Event: 32157.455 GC heap after
{Heap after GC invocations=65 (full 0):
 garbage-first heap   total 98304K, used 35404K [0x00000000a3200000, 0x0000000100000000)
  region size 1024K, 2 young (2048K), 2 survivors (2048K)
 Metaspace       used 36487K, capacity 37929K, committed 38096K, reserved 1081344K
  class space    used 4717K, capacity 5326K, committed 5408K, reserved 1048576K
}
Event: 35228.656 GC heap before
{Heap before GC invocations=65 (full 0):
 garbage-first heap   total 98304K, used 80460K [0x00000000a3200000, 0x0000000100000000)
  region size 1024K, 47 young (48128K), 2 survivors (2048K)
 Metaspace       used 36488K, capacity 37929K, committed 38096K, reserved 1081344K
  class space    used 4717K, capacity 5326K, committed 5408K, reserved 1048576K
}
Event: 35228.693 GC heap after
{Heap after GC invocations=66 (full 0):
 garbage-first heap   total 98304K, used 35313K [0x00000000a3200000, 0x0000000100000000)
  region size 1024K, 2 young (2048K), 2 survivors (2048K)
 Metaspace       used 36488K, capacity 37929K, committed 38096K, reserved 1081344K
  class space    used 4717K, capacity 5326K, committed 5408K, reserved 1048576K
}

