# JRE version: OpenJDK Runtime Environment (11.0.10+9) (build 11.0.10+9-Ubuntu-0ubuntu1.20.04)
# Java VM: OpenJDK 64-Bit Server VM (11.0.10+9-Ubuntu-0ubuntu1.20.04, mixed mode, sharing, tiered, compressed oops, g1 gc, linux-amd64)
Heap:
 garbage-first heap   total 184320K, used 102549K [0x00000000a3200000, 0x0000000100000000)
  region size 1024K, 26 young (26624K), 3 survivors (3072K)
 Metaspace       used 58664K, capacity 60754K, committed 60956K, reserved 1101824K
  class space    used 7965K, capacity 8792K, committed 8908K, reserved 1048576K
GC Heap History (20 events):
Event: 809.496 GC heap before
{Heap before GC invocations=30 (full 2):
 garbage-first heap   total 86016K, used 66656K [0x00000000a3200000, 0x0000000100000000)
  region size 1024K, 39 young (39936K), 3 survivors (3072K)
 Metaspace       used 54833K, capacity 56810K, committed 57116K, reserved 1097728K
  class space    used 7522K, capacity 8317K, committed 8396K, reserved 1048576K
}
Event: 809.500 GC heap after
{Heap after GC invocations=31 (full 2):
 garbage-first heap   total 86016K, used 31205K [0x00000000a3200000, 0x0000000100000000)
  region size 1024K, 3 young (3072K), 3 survivors (3072K)
 Metaspace       used 54833K, capacity 56810K, committed 57116K, reserved 1097728K
  class space    used 7522K, capacity 8317K, committed 8396K, reserved 1048576K
}
Event: 832.874 GC heap before
{Heap before GC invocations=31 (full 2):
 garbage-first heap   total 86016K, used 57829K [0x00000000a3200000, 0x0000000100000000)
  region size 1024K, 31 young (31744K), 3 survivors (3072K)
 Metaspace       used 58270K, capacity 60335K, committed 60572K, reserved 1101824K
  class space    used 7903K, capacity 8717K, committed 8780K, reserved 1048576K
}
Event: 832.880 GC heap after
{Heap after GC invocations=32 (full 2):
 garbage-first heap   total 86016K, used 32980K [0x00000000a3200000, 0x0000000100000000)
  region size 1024K, 5 young (5120K), 5 survivors (5120K)
 Metaspace       used 58270K, capacity 60335K, committed 60572K, reserved 1101824K
  class space    used 7903K, capacity 8717K, committed 8780K, reserved 1048576K
}
Event: 833.449 GC heap before
{Heap before GC invocations=33 (full 2):
 garbage-first heap   total 86016K, used 60628K [0x00000000a3200000, 0x0000000100000000)
  region size 1024K, 25 young (25600K), 5 survivors (5120K)
 Metaspace       used 58268K, capacity 60329K, committed 60572K, reserved 1101824K
  class space    used 7903K, capacity 8715K, committed 8780K, reserved 1048576K
}
Event: 833.455 GC heap after
{Heap after GC invocations=34 (full 2):
 garbage-first heap   total 86016K, used 42307K [0x00000000a3200000, 0x0000000100000000)
  region size 1024K, 3 young (3072K), 3 survivors (3072K)
 Metaspace       used 58268K, capacity 60329K, committed 60572K, reserved 1101824K
  class space    used 7903K, capacity 8715K, committed 8780K, reserved 1048576K
}
Event: 835.742 GC heap before
{Heap before GC invocations=35 (full 2):
 garbage-first heap   total 112640K, used 108867K [0x00000000a3200000, 0x0000000100000000)
  region size 1024K, 5 young (5120K), 3 survivors (3072K)
 Metaspace       used 58268K, capacity 60329K, committed 60572K, reserved 1101824K
  class space    used 7903K, capacity 8715K, committed 8780K, reserved 1048576K
}
Event: 835.745 GC heap after
{Heap after GC invocations=36 (full 2):
 garbage-first heap   total 115712K, used 32166K [0x00000000a3200000, 0x0000000100000000)
  region size 1024K, 2 young (2048K), 2 survivors (2048K)
 Metaspace       used 58268K, capacity 60329K, committed 60572K, reserved 1101824K
  class space    used 7903K, capacity 8715K, committed 8780K, reserved 1048576K
}
Event: 842.555 GC heap before
{Heap before GC invocations=36 (full 2):
 garbage-first heap   total 115712K, used 90534K [0x00000000a3200000, 0x0000000100000000)
  region size 1024K, 43 young (44032K), 2 survivors (2048K)
 Metaspace       used 58289K, capacity 60332K, committed 60572K, reserved 1101824K
  class space    used 7908K, capacity 8716K, committed 8780K, reserved 1048576K
}
Event: 842.558 GC heap after
{Heap after GC invocations=37 (full 2):
 garbage-first heap   total 115712K, used 51826K [0x00000000a3200000, 0x0000000100000000)
  region size 1024K, 3 young (3072K), 3 survivors (3072K)
 Metaspace       used 58289K, capacity 60332K, committed 60572K, reserved 1101824K
  class space    used 7908K, capacity 8716K, committed 8780K, reserved 1048576K
}
Event: 842.618 GC heap before
{Heap before GC invocations=37 (full 2):
 garbage-first heap   total 124928K, used 121458K [0x00000000a3200000, 0x0000000100000000)
  region size 1024K, 7 young (7168K), 3 survivors (3072K)
 Metaspace       used 58289K, capacity 60332K, committed 60572K, reserved 1101824K
  class space    used 7908K, capacity 8716K, committed 8780K, reserved 1048576K
}
Event: 842.621 GC heap after
{Heap after GC invocations=38 (full 2):
 garbage-first heap   total 128000K, used 61481K [0x00000000a3200000, 0x0000000100000000)
  region size 1024K, 3 young (3072K), 3 survivors (3072K)
 Metaspace       used 58289K, capacity 60332K, committed 60572K, reserved 1101824K
  class space    used 7908K, capacity 8716K, committed 8780K, reserved 1048576K
}
Event: 842.687 GC heap before
{Heap before GC invocations=39 (full 2):
 garbage-first heap   total 128000K, used 79913K [0x00000000a3200000, 0x0000000100000000)
  region size 1024K, 8 young (8192K), 3 survivors (3072K)
 Metaspace       used 58289K, capacity 60332K, committed 60572K, reserved 1101824K
  class space    used 7908K, capacity 8716K, committed 8780K, reserved 1048576K
}
Event: 842.690 GC heap after
{Heap after GC invocations=40 (full 2):
 garbage-first heap   total 128000K, used 54834K [0x00000000a3200000, 0x0000000100000000)
  region size 1024K, 3 young (3072K), 3 survivors (3072K)
 Metaspace       used 58289K, capacity 60332K, committed 60572K, reserved 1101824K
  class space    used 7908K, capacity 8716K, committed 8780K, reserved 1048576K
}
Event: 855.328 GC heap before
{Heap before GC invocations=41 (full 2):
 garbage-first heap   total 128000K, used 109106K [0x00000000a3200000, 0x0000000100000000)
  region size 1024K, 9 young (9216K), 3 survivors (3072K)
 Metaspace       used 58631K, capacity 60715K, committed 60828K, reserved 1101824K
  class space    used 7957K, capacity 8780K, committed 8780K, reserved 1048576K
}
Event: 855.334 GC heap after
{Heap after GC invocations=42 (full 2):
 garbage-first heap   total 128000K, used 32603K [0x00000000a3200000, 0x0000000100000000)
  region size 1024K, 2 young (2048K), 2 survivors (2048K)
 Metaspace       used 58631K, capacity 60715K, committed 60828K, reserved 1101824K
  class space    used 7957K, capacity 8780K, committed 8780K, reserved 1048576K
}
Event: 855.980 GC heap before
{Heap before GC invocations=43 (full 2):
 garbage-first heap   total 128000K, used 88923K [0x00000000a3200000, 0x0000000100000000)
  region size 1024K, 41 young (41984K), 2 survivors (2048K)
 Metaspace       used 58631K, capacity 60715K, committed 60828K, reserved 1101824K
  class space    used 7957K, capacity 8780K, committed 8780K, reserved 1048576K
}
Event: 855.983 GC heap after
{Heap after GC invocations=44 (full 2):
 garbage-first heap   total 128000K, used 51282K [0x00000000a3200000, 0x0000000100000000)
  region size 1024K, 2 young (2048K), 2 survivors (2048K)
 Metaspace       used 58631K, capacity 60715K, committed 60828K, reserved 1101824K
  class space    used 7957K, capacity 8780K, committed 8780K, reserved 1048576K
}
Event: 856.025 GC heap before
{Heap before GC invocations=44 (full 2):
 garbage-first heap   total 181248K, used 177234K [0x00000000a3200000, 0x0000000100000000)
  region size 1024K, 7 young (7168K), 2 survivors (2048K)
 Metaspace       used 58632K, capacity 60715K, committed 60828K, reserved 1101824K
  class space    used 7957K, capacity 8780K, committed 8780K, reserved 1048576K
}
Event: 856.029 GC heap after
{Heap after GC invocations=45 (full 2):
 garbage-first heap   total 184320K, used 70805K [0x00000000a3200000, 0x0000000100000000)
  region size 1024K, 3 young (3072K), 3 survivors (3072K)
 Metaspace       used 58632K, capacity 60715K, committed 60828K, reserved 1101824K
  class space    used 7957K, capacity 8780K, committed 8780K, reserved 1048576K
}

