# JRE version: OpenJDK Runtime Environment (11.0.10+9) (build 11.0.10+9-Ubuntu-0ubuntu1.20.04)
# Java VM: OpenJDK 64-Bit Server VM (11.0.10+9-Ubuntu-0ubuntu1.20.04, mixed mode, sharing, tiered, compressed oops, parallel gc, linux-amd64)
Heap:
 PSYoungGen      total 22528K, used 10519K [0x00000000eab00000, 0x00000000ecb00000, 0x0000000100000000)
  eden space 22016K, 45% used [0x00000000eab00000,0x00000000eb4c5cf8,0x00000000ec080000)
  from space 512K, 100% used [0x00000000ec280000,0x00000000ec300000,0x00000000ec300000)
  to   space 3072K, 0% used [0x00000000ec800000,0x00000000ec800000,0x00000000ecb00000)
 ParOldGen       total 68608K, used 26372K [0x00000000c0000000, 0x00000000c4300000, 0x00000000eab00000)
  object space 68608K, 38% used [0x00000000c0000000,0x00000000c19c12a0,0x00000000c4300000)
 Metaspace       used 31706K, capacity 33507K, committed 33920K, reserved 1079296K
  class space    used 2971K, capacity 3604K, committed 3712K, reserved 1048576K
GC Heap History (20 events):
Event: 3.318 GC heap before
{Heap before GC invocations=3 (full 0):
 PSYoungGen      total 29696K, used 17977K [0x00000000eab00000, 0x00000000ecc00000, 0x0000000100000000)
  eden space 25600K, 54% used [0x00000000eab00000,0x00000000eb8906d0,0x00000000ec400000)
  from space 4096K, 99% used [0x00000000ec800000,0x00000000ecbfdd30,0x00000000ecc00000)
  to   space 4096K, 0% used [0x00000000ec400000,0x00000000ec400000,0x00000000ec800000)
 ParOldGen       total 68608K, used 2609K [0x00000000c0000000, 0x00000000c4300000, 0x00000000eab00000)
  object space 68608K, 3% used [0x00000000c0000000,0x00000000c028c5d8,0x00000000c4300000)
 Metaspace       used 19485K, capacity 21006K, committed 21248K, reserved 1069056K
  class space    used 1925K, capacity 2490K, committed 2560K, reserved 1048576K
}
Event: 3.332 GC heap after
{Heap after GC invocations=3 (full 0):
 PSYoungGen      total 29696K, used 4072K [0x00000000eab00000, 0x00000000ecc00000, 0x0000000100000000)
  eden space 25600K, 0% used [0x00000000eab00000,0x00000000eab00000,0x00000000ec400000)
  from space 4096K, 99% used [0x00000000ec400000,0x00000000ec7fa330,0x00000000ec800000)
  to   space 4096K, 0% used [0x00000000ec800000,0x00000000ec800000,0x00000000ecc00000)
 ParOldGen       total 68608K, used 4394K [0x00000000c0000000, 0x00000000c4300000, 0x00000000eab00000)
  object space 68608K, 6% used [0x00000000c0000000,0x00000000c044a810,0x00000000c4300000)
 Metaspace       used 19485K, capacity 21006K, committed 21248K, reserved 1069056K
  class space    used 1925K, capacity 2490K, committed 2560K, reserved 1048576K
}
Event: 3.332 GC heap before
{Heap before GC invocations=4 (full 1):
 PSYoungGen      total 29696K, used 4072K [0x00000000eab00000, 0x00000000ecc00000, 0x0000000100000000)
  eden space 25600K, 0% used [0x00000000eab00000,0x00000000eab00000,0x00000000ec400000)
  from space 4096K, 99% used [0x00000000ec400000,0x00000000ec7fa330,0x00000000ec800000)
  to   space 4096K, 0% used [0x00000000ec800000,0x00000000ec800000,0x00000000ecc00000)
 ParOldGen       total 68608K, used 4394K [0x00000000c0000000, 0x00000000c4300000, 0x00000000eab00000)
  object space 68608K, 6% used [0x00000000c0000000,0x00000000c044a810,0x00000000c4300000)
 Metaspace       used 19485K, capacity 21006K, committed 21248K, reserved 1069056K
  class space    used 1925K, capacity 2490K, committed 2560K, reserved 1048576K
}
Event: 3.394 GC heap after
{Heap after GC invocations=4 (full 1):
 PSYoungGen      total 29696K, used 0K [0x00000000eab00000, 0x00000000ecc00000, 0x0000000100000000)
  eden space 25600K, 0% used [0x00000000eab00000,0x00000000eab00000,0x00000000ec400000)
  from space 4096K, 0% used [0x00000000ec400000,0x00000000ec400000,0x00000000ec800000)
  to   space 4096K, 0% used [0x00000000ec800000,0x00000000ec800000,0x00000000ecc00000)
 ParOldGen       total 68608K, used 8353K [0x00000000c0000000, 0x00000000c4300000, 0x00000000eab00000)
  object space 68608K, 12% used [0x00000000c0000000,0x00000000c0828658,0x00000000c4300000)
 Metaspace       used 19485K, capacity 21006K, committed 21248K, reserved 1069056K
  class space    used 1925K, capacity 2490K, committed 2560K, reserved 1048576K
}
Event: 3.887 GC heap before
{Heap before GC invocations=5 (full 1):
 PSYoungGen      total 29696K, used 25600K [0x00000000eab00000, 0x00000000ecc00000, 0x0000000100000000)
  eden space 25600K, 100% used [0x00000000eab00000,0x00000000ec400000,0x00000000ec400000)
  from space 4096K, 0% used [0x00000000ec400000,0x00000000ec400000,0x00000000ec800000)
  to   space 4096K, 0% used [0x00000000ec800000,0x00000000ec800000,0x00000000ecc00000)
 ParOldGen       total 68608K, used 8353K [0x00000000c0000000, 0x00000000c4300000, 0x00000000eab00000)
  object space 68608K, 12% used [0x00000000c0000000,0x00000000c0828658,0x00000000c4300000)
 Metaspace       used 22407K, capacity 24101K, committed 24448K, reserved 1071104K
  class space    used 2231K, capacity 2837K, committed 2944K, reserved 1048576K
}
Event: 3.892 GC heap after
{Heap after GC invocations=5 (full 1):
 PSYoungGen      total 29696K, used 2603K [0x00000000eab00000, 0x00000000ecc00000, 0x0000000100000000)
  eden space 25600K, 0% used [0x00000000eab00000,0x00000000eab00000,0x00000000ec400000)
  from space 4096K, 63% used [0x00000000ec800000,0x00000000eca8ad40,0x00000000ecc00000)
  to   space 4096K, 0% used [0x00000000ec400000,0x00000000ec400000,0x00000000ec800000)
 ParOldGen       total 68608K, used 8361K [0x00000000c0000000, 0x00000000c4300000, 0x00000000eab00000)
  object space 68608K, 12% used [0x00000000c0000000,0x00000000c082a658,0x00000000c4300000)
 Metaspace       used 22407K, capacity 24101K, committed 24448K, reserved 1071104K
  class space    used 2231K, capacity 2837K, committed 2944K, reserved 1048576K
}
Event: 3.986 GC heap before
{Heap before GC invocations=6 (full 1):
 PSYoungGen      total 29696K, used 28203K [0x00000000eab00000, 0x00000000ecc00000, 0x0000000100000000)
  eden space 25600K, 100% used [0x00000000eab00000,0x00000000ec400000,0x00000000ec400000)
  from space 4096K, 63% used [0x00000000ec800000,0x00000000eca8ad40,0x00000000ecc00000)
  to   space 4096K, 0% used [0x00000000ec400000,0x00000000ec400000,0x00000000ec800000)
 ParOldGen       total 68608K, used 8361K [0x00000000c0000000, 0x00000000c4300000, 0x00000000eab00000)
  object space 68608K, 12% used [0x00000000c0000000,0x00000000c082a658,0x00000000c4300000)
 Metaspace       used 22494K, capacity 24166K, committed 24448K, reserved 1071104K
  class space    used 2236K, capacity 2837K, committed 2944K, reserved 1048576K
}
Event: 3.995 GC heap after
{Heap after GC invocations=6 (full 1):
 PSYoungGen      total 29184K, used 4094K [0x00000000eab00000, 0x00000000ece80000, 0x0000000100000000)
  eden space 25088K, 0% used [0x00000000eab00000,0x00000000eab00000,0x00000000ec380000)
  from space 4096K, 99% used [0x00000000ec400000,0x00000000ec7ffbd0,0x00000000ec800000)
  to   space 5632K, 0% used [0x00000000ec900000,0x00000000ec900000,0x00000000ece80000)
 ParOldGen       total 68608K, used 9102K [0x00000000c0000000, 0x00000000c4300000, 0x00000000eab00000)
  object space 68608K, 13% used [0x00000000c0000000,0x00000000c08e3830,0x00000000c4300000)
 Metaspace       used 22494K, capacity 24166K, committed 24448K, reserved 1071104K
  class space    used 2236K, capacity 2837K, committed 2944K, reserved 1048576K
}
Event: 4.055 GC heap before
{Heap before GC invocations=7 (full 1):
 PSYoungGen      total 29184K, used 29182K [0x00000000eab00000, 0x00000000ece80000, 0x0000000100000000)
  eden space 25088K, 100% used [0x00000000eab00000,0x00000000ec380000,0x00000000ec380000)
  from space 4096K, 99% used [0x00000000ec400000,0x00000000ec7ffbd0,0x00000000ec800000)
  to   space 5632K, 0% used [0x00000000ec900000,0x00000000ec900000,0x00000000ece80000)
 ParOldGen       total 68608K, used 9102K [0x00000000c0000000, 0x00000000c4300000, 0x00000000eab00000)
  object space 68608K, 13% used [0x00000000c0000000,0x00000000c08e3830,0x00000000c4300000)
 Metaspace       used 22597K, capacity 24230K, committed 24448K, reserved 1071104K
  class space    used 2240K, capacity 2837K, committed 2944K, reserved 1048576K
}
Event: 4.067 GC heap after
{Heap after GC invocations=7 (full 1):
 PSYoungGen      total 29184K, used 5614K [0x00000000eab00000, 0x00000000ed100000, 0x0000000100000000)
  eden space 23552K, 0% used [0x00000000eab00000,0x00000000eab00000,0x00000000ec200000)
  from space 5632K, 99% used [0x00000000ec900000,0x00000000ece7bbb0,0x00000000ece80000)
  to   space 7168K, 0% used [0x00000000ec200000,0x00000000ec200000,0x00000000ec900000)
 ParOldGen       total 68608K, used 9906K [0x00000000c0000000, 0x00000000c4300000, 0x00000000eab00000)
  object space 68608K, 14% used [0x00000000c0000000,0x00000000c09acbb8,0x00000000c4300000)
 Metaspace       used 22597K, capacity 24230K, committed 24448K, reserved 1071104K
  class space    used 2240K, capacity 2837K, committed 2944K, reserved 1048576K
}
Event: 4.113 GC heap before
{Heap before GC invocations=8 (full 1):
 PSYoungGen      total 29184K, used 29166K [0x00000000eab00000, 0x00000000ed100000, 0x0000000100000000)
  eden space 23552K, 100% used [0x00000000eab00000,0x00000000ec200000,0x00000000ec200000)
  from space 5632K, 99% used [0x00000000ec900000,0x00000000ece7bbb0,0x00000000ece80000)
  to   space 7168K, 0% used [0x00000000ec200000,0x00000000ec200000,0x00000000ec900000)
 ParOldGen       total 68608K, used 9906K [0x00000000c0000000, 0x00000000c4300000, 0x00000000eab00000)
  object space 68608K, 14% used [0x00000000c0000000,0x00000000c09acbb8,0x00000000c4300000)
 Metaspace       used 22678K, capacity 24326K, committed 24704K, reserved 1071104K
  class space    used 2250K, capacity 2869K, committed 2944K, reserved 1048576K
}
Event: 4.157 GC heap after
{Heap after GC invocations=8 (full 1):
 PSYoungGen      total 30208K, used 7153K [0x00000000eab00000, 0x00000000ed380000, 0x0000000100000000)
  eden space 23040K, 0% used [0x00000000eab00000,0x00000000eab00000,0x00000000ec180000)
  from space 7168K, 99% used [0x00000000ec200000,0x00000000ec8fc6e8,0x00000000ec900000)
  to   space 9216K, 0% used [0x00000000eca80000,0x00000000eca80000,0x00000000ed380000)
 ParOldGen       total 68608K, used 11114K [0x00000000c0000000, 0x00000000c4300000, 0x00000000eab00000)
  object space 68608K, 16% used [0x00000000c0000000,0x00000000c0adabb8,0x00000000c4300000)
 Metaspace       used 22678K, capacity 24326K, committed 24704K, reserved 1071104K
  class space    used 2250K, capacity 2869K, committed 2944K, reserved 1048576K
}
Event: 4.211 GC heap before
{Heap before GC invocations=9 (full 1):
 PSYoungGen      total 30208K, used 30193K [0x00000000eab00000, 0x00000000ed380000, 0x0000000100000000)
  eden space 23040K, 100% used [0x00000000eab00000,0x00000000ec180000,0x00000000ec180000)
  from space 7168K, 99% used [0x00000000ec200000,0x00000000ec8fc6e8,0x00000000ec900000)
  to   space 9216K, 0% used [0x00000000eca80000,0x00000000eca80000,0x00000000ed380000)
 ParOldGen       total 68608K, used 11114K [0x00000000c0000000, 0x00000000c4300000, 0x00000000eab00000)
  object space 68608K, 16% used [0x00000000c0000000,0x00000000c0adabb8,0x00000000c4300000)
 Metaspace       used 22679K, capacity 24326K, committed 24704K, reserved 1071104K
  class space    used 2250K, capacity 2869K, committed 2944K, reserved 1048576K
}
Event: 4.239 GC heap after
{Heap after GC invocations=9 (full 1):
 PSYoungGen      total 32768K, used 8256K [0x00000000eab00000, 0x00000000ee900000, 0x0000000100000000)
  eden space 23552K, 0% used [0x00000000eab00000,0x00000000eab00000,0x00000000ec200000)
  from space 9216K, 89% used [0x00000000eca80000,0x00000000ed290020,0x00000000ed380000)
  to   space 8704K, 0% used [0x00000000ec200000,0x00000000ec200000,0x00000000eca80000)
 ParOldGen       total 68608K, used 12532K [0x00000000c0000000, 0x00000000c4300000, 0x00000000eab00000)
  object space 68608K, 18% used [0x00000000c0000000,0x00000000c0c3d170,0x00000000c4300000)
 Metaspace       used 22679K, capacity 24326K, committed 24704K, reserved 1071104K
  class space    used 2250K, capacity 2869K, committed 2944K, reserved 1048576K
}
Event: 4.407 GC heap before
{Heap before GC invocations=10 (full 1):
 PSYoungGen      total 32768K, used 31808K [0x00000000eab00000, 0x00000000ee900000, 0x0000000100000000)
  eden space 23552K, 100% used [0x00000000eab00000,0x00000000ec200000,0x00000000ec200000)
  from space 9216K, 89% used [0x00000000eca80000,0x00000000ed290020,0x00000000ed380000)
  to   space 8704K, 0% used [0x00000000ec200000,0x00000000ec200000,0x00000000eca80000)
 ParOldGen       total 68608K, used 12532K [0x00000000c0000000, 0x00000000c4300000, 0x00000000eab00000)
  object space 68608K, 18% used [0x00000000c0000000,0x00000000c0c3d170,0x00000000c4300000)
 Metaspace       used 22895K, capacity 24633K, committed 24960K, reserved 1071104K
  class space    used 2267K, capacity 2907K, committed 2944K, reserved 1048576K
}
Event: 4.430 GC heap after
{Heap after GC invocations=10 (full 1):
 PSYoungGen      total 31744K, used 8356K [0x00000000eab00000, 0x00000000ed280000, 0x0000000100000000)
  eden space 23040K, 0% used [0x00000000eab00000,0x00000000eab00000,0x00000000ec180000)
  from space 8704K, 96% used [0x00000000ec200000,0x00000000eca293f0,0x00000000eca80000)
  to   space 8192K, 0% used [0x00000000eca80000,0x00000000eca80000,0x00000000ed280000)
 ParOldGen       total 68608K, used 15599K [0x00000000c0000000, 0x00000000c4300000, 0x00000000eab00000)
  object space 68608K, 22% used [0x00000000c0000000,0x00000000c0f3bc88,0x00000000c4300000)
 Metaspace       used 22895K, capacity 24633K, committed 24960K, reserved 1071104K
  class space    used 2267K, capacity 2907K, committed 2944K, reserved 1048576K
}
Event: 6.067 GC heap before
{Heap before GC invocations=11 (full 1):
 PSYoungGen      total 31744K, used 31396K [0x00000000eab00000, 0x00000000ed280000, 0x0000000100000000)
  eden space 23040K, 100% used [0x00000000eab00000,0x00000000ec180000,0x00000000ec180000)
  from space 8704K, 96% used [0x00000000ec200000,0x00000000eca293f0,0x00000000eca80000)
  to   space 8192K, 0% used [0x00000000eca80000,0x00000000eca80000,0x00000000ed280000)
 ParOldGen       total 68608K, used 15599K [0x00000000c0000000, 0x00000000c4300000, 0x00000000eab00000)
  object space 68608K, 22% used [0x00000000c0000000,0x00000000c0f3bc88,0x00000000c4300000)
 Metaspace       used 30678K, capacity 32547K, committed 33024K, reserved 1079296K
  class space    used 2908K, capacity 3563K, committed 3584K, reserved 1048576K
}
Event: 6.087 GC heap after
{Heap after GC invocations=11 (full 1):
 PSYoungGen      total 28672K, used 5766K [0x00000000eab00000, 0x00000000ed080000, 0x0000000100000000)
  eden space 22528K, 0% used [0x00000000eab00000,0x00000000eab00000,0x00000000ec100000)
  from space 6144K, 93% used [0x00000000eca80000,0x00000000ed021af0,0x00000000ed080000)
  to   space 7168K, 0% used [0x00000000ec280000,0x00000000ec280000,0x00000000ec980000)
 ParOldGen       total 68608K, used 20765K [0x00000000c0000000, 0x00000000c4300000, 0x00000000eab00000)
  object space 68608K, 30% used [0x00000000c0000000,0x00000000c14476a0,0x00000000c4300000)
 Metaspace       used 30678K, capacity 32547K, committed 33024K, reserved 1079296K
  class space    used 2908K, capacity 3563K, committed 3584K, reserved 1048576K
}
Event: 5445.063 GC heap before
{Heap before GC invocations=12 (full 1):
 PSYoungGen      total 28672K, used 28287K [0x00000000eab00000, 0x00000000ed080000, 0x0000000100000000)
  eden space 22528K, 99% used [0x00000000eab00000,0x00000000ec0fe398,0x00000000ec100000)
  from space 6144K, 93% used [0x00000000eca80000,0x00000000ed021af0,0x00000000ed080000)
  to   space 7168K, 0% used [0x00000000ec280000,0x00000000ec280000,0x00000000ec980000)
 ParOldGen       total 68608K, used 20765K [0x00000000c0000000, 0x00000000c4300000, 0x00000000eab00000)
  object space 68608K, 30% used [0x00000000c0000000,0x00000000c14476a0,0x00000000c4300000)
 Metaspace       used 31696K, capacity 33507K, committed 33920K, reserved 1079296K
  class space    used 2971K, capacity 3604K, committed 3712K, reserved 1048576K
}
Event: 5445.117 GC heap after
{Heap after GC invocations=12 (full 1):
 PSYoungGen      total 22528K, used 512K [0x00000000eab00000, 0x00000000ecb00000, 0x0000000100000000)
  eden space 22016K, 0% used [0x00000000eab00000,0x00000000eab00000,0x00000000ec080000)
  from space 512K, 100% used [0x00000000ec280000,0x00000000ec300000,0x00000000ec300000)
  to   space 3072K, 0% used [0x00000000ec800000,0x00000000ec800000,0x00000000ecb00000)
 ParOldGen       total 68608K, used 26372K [0x00000000c0000000, 0x00000000c4300000, 0x00000000eab00000)
  object space 68608K, 38% used [0x00000000c0000000,0x00000000c19c12a0,0x00000000c4300000)
 Metaspace       used 31696K, capacity 33507K, committed 33920K, reserved 1079296K
  class space    used 2971K, capacity 3604K, committed 3712K, reserved 1048576K
}

