# JRE version: OpenJDK Runtime Environment (11.0.10+9) (build 11.0.10+9-Ubuntu-0ubuntu1.20.04)
# Java VM: OpenJDK 64-Bit Server VM (11.0.10+9-Ubuntu-0ubuntu1.20.04, mixed mode, sharing, tiered, compressed oops, g1 gc, linux-amd64)
Heap:
 garbage-first heap   total 100352K, used 35317K [0x00000000a3200000, 0x0000000100000000)
  region size 1024K, 25 young (25600K), 6 survivors (6144K)
 Metaspace       used 16878K, capacity 17756K, committed 18048K, reserved 1064960K
  class space    used 1818K, capacity 2077K, committed 2176K, reserved 1048576K
GC Heap History (12 events):
Event: 15.802 GC heap before
{Heap before GC invocations=0 (full 0):
 garbage-first heap   total 98304K, used 15048K [0x00000000a3200000, 0x0000000100000000)
  region size 1024K, 14 young (14336K), 0 survivors (0K)
 Metaspace       used 4162K, capacity 6796K, committed 6912K, reserved 1056768K
  class space    used 449K, capacity 737K, committed 768K, reserved 1048576K
}
Event: 15.812 GC heap after
{Heap after GC invocations=1 (full 0):
 garbage-first heap   total 98304K, used 3407K [0x00000000a3200000, 0x0000000100000000)
  region size 1024K, 2 young (2048K), 2 survivors (2048K)
 Metaspace       used 4162K, capacity 6796K, committed 6912K, reserved 1056768K
  class space    used 449K, capacity 737K, committed 768K, reserved 1048576K
}
Event: 27.414 GC heap before
{Heap before GC invocations=1 (full 0):
 garbage-first heap   total 98304K, used 58703K [0x00000000a3200000, 0x0000000100000000)
  region size 1024K, 56 young (57344K), 2 survivors (2048K)
 Metaspace       used 12287K, capacity 13972K, committed 14336K, reserved 1062912K
  class space    used 1487K, capacity 1727K, committed 1792K, reserved 1048576K
}
Event: 27.454 GC heap after
{Heap after GC invocations=2 (full 0):
 garbage-first heap   total 98304K, used 6479K [0x00000000a3200000, 0x0000000100000000)
  region size 1024K, 5 young (5120K), 5 survivors (5120K)
 Metaspace       used 12287K, capacity 13972K, committed 14336K, reserved 1062912K
  class space    used 1487K, capacity 1727K, committed 1792K, reserved 1048576K
}
Event: 29.144 GC heap before
{Heap before GC invocations=2 (full 0):
 garbage-first heap   total 98304K, used 58703K [0x00000000a3200000, 0x0000000100000000)
  region size 1024K, 56 young (57344K), 5 survivors (5120K)
 Metaspace       used 13607K, capacity 15023K, committed 15232K, reserved 1062912K
  class space    used 1564K, capacity 1799K, committed 1920K, reserved 1048576K
}
Event: 29.209 GC heap after
{Heap after GC invocations=3 (full 0):
 garbage-first heap   total 98304K, used 11310K [0x00000000a3200000, 0x0000000100000000)
  region size 1024K, 7 young (7168K), 7 survivors (7168K)
 Metaspace       used 13607K, capacity 15023K, committed 15232K, reserved 1062912K
  class space    used 1564K, capacity 1799K, committed 1920K, reserved 1048576K
}
Event: 31.276 GC heap before
{Heap before GC invocations=3 (full 0):
 garbage-first heap   total 98304K, used 74798K [0x00000000a3200000, 0x0000000100000000)
  region size 1024K, 38 young (38912K), 7 survivors (7168K)
 Metaspace       used 14917K, capacity 16182K, committed 16256K, reserved 1062912K
  class space    used 1675K, capacity 1908K, committed 1920K, reserved 1048576K
}
Event: 31.296 GC heap after
{Heap after GC invocations=4 (full 0):
 garbage-first heap   total 98304K, used 46425K [0x00000000a3200000, 0x0000000100000000)
  region size 1024K, 3 young (3072K), 3 survivors (3072K)
 Metaspace       used 14917K, capacity 16182K, committed 16256K, reserved 1062912K
  class space    used 1675K, capacity 1908K, committed 1920K, reserved 1048576K
}
Event: 40.372 GC heap before
{Heap before GC invocations=5 (full 0):
 garbage-first heap   total 98304K, used 93529K [0x00000000a3200000, 0x0000000100000000)
  region size 1024K, 33 young (33792K), 3 survivors (3072K)
 Metaspace       used 15687K, capacity 16899K, committed 17152K, reserved 1064960K
  class space    used 1718K, capacity 1980K, committed 2048K, reserved 1048576K
}
Event: 40.381 GC heap after
{Heap after GC invocations=6 (full 0):
 garbage-first heap   total 100352K, used 14772K [0x00000000a3200000, 0x0000000100000000)
  region size 1024K, 4 young (4096K), 4 survivors (4096K)
 Metaspace       used 15687K, capacity 16899K, committed 17152K, reserved 1064960K
  class space    used 1718K, capacity 1980K, committed 2048K, reserved 1048576K
}
Event: 44.819 GC heap before
{Heap before GC invocations=6 (full 0):
 garbage-first heap   total 100352K, used 65972K [0x00000000a3200000, 0x0000000100000000)
  region size 1024K, 54 young (55296K), 4 survivors (4096K)
 Metaspace       used 16547K, capacity 17650K, committed 17792K, reserved 1064960K
  class space    used 1780K, capacity 2060K, committed 2176K, reserved 1048576K
}
Event: 44.826 GC heap after
{Heap after GC invocations=7 (full 0):
 garbage-first heap   total 100352K, used 17909K [0x00000000a3200000, 0x0000000100000000)
  region size 1024K, 6 young (6144K), 6 survivors (6144K)
 Metaspace       used 16547K, capacity 17650K, committed 17792K, reserved 1064960K
  class space    used 1780K, capacity 2060K, committed 2176K, reserved 1048576K
}

