# JRE version: OpenJDK Runtime Environment (11.0.10+9) (build 11.0.10+9-Ubuntu-0ubuntu1.20.04)
# Java VM: OpenJDK 64-Bit Server VM (11.0.10+9-Ubuntu-0ubuntu1.20.04, mixed mode, sharing, tiered, compressed oops, g1 gc, linux-amd64)
Heap:
 garbage-first heap   total 163840K, used 137089K [0x00000000a3200000, 0x0000000100000000)
  region size 1024K, 6 young (6144K), 6 survivors (6144K)
 Metaspace       used 62886K, capacity 66622K, committed 81020K, reserved 1118208K
  class space    used 8576K, capacity 9811K, committed 11724K, reserved 1048576K
GC Heap History (20 events):
Event: 10741.763 GC heap after
{Heap after GC invocations=696 (full 26):
 garbage-first heap   total 167936K, used 56160K [0x00000000a3200000, 0x0000000100000000)
  region size 1024K, 1 young (1024K), 1 survivors (1024K)
 Metaspace       used 62006K, capacity 65504K, committed 81020K, reserved 1118208K
  class space    used 8475K, capacity 9628K, committed 11724K, reserved 1048576K
}
Event: 10812.516 GC heap before
{Heap before GC invocations=697 (full 26):
 garbage-first heap   total 167936K, used 144224K [0x00000000a3200000, 0x0000000100000000)
  region size 1024K, 87 young (89088K), 1 survivors (1024K)
 Metaspace       used 62006K, capacity 65504K, committed 81020K, reserved 1118208K
  class space    used 8475K, capacity 9628K, committed 11724K, reserved 1048576K
}
Event: 10812.518 GC heap after
{Heap after GC invocations=698 (full 26):
 garbage-first heap   total 167936K, used 56087K [0x00000000a3200000, 0x0000000100000000)
  region size 1024K, 1 young (1024K), 1 survivors (1024K)
 Metaspace       used 62006K, capacity 65504K, committed 81020K, reserved 1118208K
  class space    used 8475K, capacity 9628K, committed 11724K, reserved 1048576K
}
Event: 10864.952 GC heap before
{Heap before GC invocations=698 (full 26):
 garbage-first heap   total 167936K, used 120599K [0x00000000a3200000, 0x0000000100000000)
  region size 1024K, 65 young (66560K), 1 survivors (1024K)
 Metaspace       used 62008K, capacity 65510K, committed 81020K, reserved 1118208K
  class space    used 8476K, capacity 9630K, committed 11724K, reserved 1048576K
}
Event: 10865.160 GC heap after
{Heap after GC invocations=699 (full 27):
 garbage-first heap   total 163840K, used 45800K [0x00000000a3200000, 0x0000000100000000)
  region size 1024K, 0 young (0K), 0 survivors (0K)
 Metaspace       used 62008K, capacity 65510K, committed 81020K, reserved 1118208K
  class space    used 8476K, capacity 9630K, committed 11724K, reserved 1048576K
}
Event: 10876.350 GC heap before
{Heap before GC invocations=699 (full 27):
 garbage-first heap   total 163840K, used 135912K [0x00000000a3200000, 0x0000000100000000)
  region size 1024K, 89 young (91136K), 0 survivors (0K)
 Metaspace       used 62125K, capacity 65744K, committed 81020K, reserved 1118208K
  class space    used 8500K, capacity 9699K, committed 11724K, reserved 1048576K
}
Event: 10876.354 GC heap after
{Heap after GC invocations=700 (full 27):
 garbage-first heap   total 163840K, used 47757K [0x00000000a3200000, 0x0000000100000000)
  region size 1024K, 2 young (2048K), 2 survivors (2048K)
 Metaspace       used 62125K, capacity 65744K, committed 81020K, reserved 1118208K
  class space    used 8500K, capacity 9699K, committed 11724K, reserved 1048576K
}
Event: 10876.879 GC heap before
{Heap before GC invocations=701 (full 27):
 garbage-first heap   total 163840K, used 136845K [0x00000000a3200000, 0x0000000100000000)
  region size 1024K, 90 young (92160K), 2 survivors (2048K)
 Metaspace       used 62320K, capacity 66001K, committed 81020K, reserved 1118208K
  class space    used 8526K, capacity 9742K, committed 11724K, reserved 1048576K
}
Event: 10876.885 GC heap after
{Heap after GC invocations=702 (full 27):
 garbage-first heap   total 163840K, used 50207K [0x00000000a3200000, 0x0000000100000000)
  region size 1024K, 5 young (5120K), 5 survivors (5120K)
 Metaspace       used 62320K, capacity 66001K, committed 81020K, reserved 1118208K
  class space    used 8526K, capacity 9742K, committed 11724K, reserved 1048576K
}
Event: 10881.612 GC heap before
{Heap before GC invocations=702 (full 27):
 garbage-first heap   total 163840K, used 137247K [0x00000000a3200000, 0x0000000100000000)
  region size 1024K, 91 young (93184K), 5 survivors (5120K)
 Metaspace       used 62517K, capacity 66273K, committed 81020K, reserved 1118208K
  class space    used 8553K, capacity 9789K, committed 11724K, reserved 1048576K
}
Event: 10881.619 GC heap after
{Heap after GC invocations=703 (full 27):
 garbage-first heap   total 163840K, used 50886K [0x00000000a3200000, 0x0000000100000000)
  region size 1024K, 5 young (5120K), 5 survivors (5120K)
 Metaspace       used 62517K, capacity 66273K, committed 81020K, reserved 1118208K
  class space    used 8553K, capacity 9789K, committed 11724K, reserved 1048576K
}
Event: 10886.932 GC heap before
{Heap before GC invocations=704 (full 27):
 garbage-first heap   total 163840K, used 135878K [0x00000000a3200000, 0x0000000100000000)
  region size 1024K, 89 young (91136K), 5 survivors (5120K)
 Metaspace       used 62841K, capacity 66599K, committed 81020K, reserved 1118208K
  class space    used 8582K, capacity 9842K, committed 11724K, reserved 1048576K
}
Event: 10886.939 GC heap after
{Heap after GC invocations=705 (full 27):
 garbage-first heap   total 163840K, used 53495K [0x00000000a3200000, 0x0000000100000000)
  region size 1024K, 8 young (8192K), 8 survivors (8192K)
 Metaspace       used 62841K, capacity 66599K, committed 81020K, reserved 1118208K
  class space    used 8582K, capacity 9842K, committed 11724K, reserved 1048576K
}
Event: 10916.960 GC heap before
{Heap before GC invocations=705 (full 27):
 garbage-first heap   total 163840K, used 135415K [0x00000000a3200000, 0x0000000100000000)
  region size 1024K, 88 young (90112K), 8 survivors (8192K)
 Metaspace       used 62991K, capacity 66787K, committed 81020K, reserved 1118208K
  class space    used 8601K, capacity 9860K, committed 11724K, reserved 1048576K
}
Event: 10916.976 GC heap after
{Heap after GC invocations=706 (full 27):
 garbage-first heap   total 163840K, used 55169K [0x00000000a3200000, 0x0000000100000000)
  region size 1024K, 6 young (6144K), 6 survivors (6144K)
 Metaspace       used 62991K, capacity 66787K, committed 81020K, reserved 1118208K
  class space    used 8601K, capacity 9860K, committed 11724K, reserved 1048576K
}
Event: 10973.520 GC heap before
{Heap before GC invocations=707 (full 27):
 garbage-first heap   total 163840K, used 135041K [0x00000000a3200000, 0x0000000100000000)
  region size 1024K, 85 young (87040K), 6 survivors (6144K)
 Metaspace       used 62892K, capacity 66634K, committed 81020K, reserved 1118208K
  class space    used 8577K, capacity 9815K, committed 11724K, reserved 1048576K
}
Event: 10973.526 GC heap after
{Heap after GC invocations=708 (full 27):
 garbage-first heap   total 163840K, used 54833K [0x00000000a3200000, 0x0000000100000000)
  region size 1024K, 6 young (6144K), 6 survivors (6144K)
 Metaspace       used 62892K, capacity 66634K, committed 81020K, reserved 1118208K
  class space    used 8577K, capacity 9815K, committed 11724K, reserved 1048576K
}
Event: 11030.726 GC heap before
{Heap before GC invocations=708 (full 27):
 garbage-first heap   total 163840K, used 135729K [0x00000000a3200000, 0x0000000100000000)
  region size 1024K, 85 young (87040K), 6 survivors (6144K)
 Metaspace       used 62892K, capacity 66634K, committed 81020K, reserved 1118208K
  class space    used 8577K, capacity 9815K, committed 11724K, reserved 1048576K
}
Event: 11030.744 GC heap after
{Heap after GC invocations=709 (full 27):
 garbage-first heap   total 163840K, used 55169K [0x00000000a3200000, 0x0000000100000000)
  region size 1024K, 6 young (6144K), 6 survivors (6144K)
 Metaspace       used 62892K, capacity 66634K, committed 81020K, reserved 1118208K
  class space    used 8577K, capacity 9815K, committed 11724K, reserved 1048576K
}
Event: 11100.177 GC heap before
{Heap before GC invocations=710 (full 27):
 garbage-first heap   total 163840K, used 137089K [0x00000000a3200000, 0x0000000100000000)
  region size 1024K, 86 young (88064K), 6 survivors (6144K)
 Metaspace       used 62886K, capacity 66622K, committed 81020K, reserved 1118208K
  class space    used 8576K, capacity 9811K, committed 11724K, reserved 1048576K
}

