# JRE version: OpenJDK Runtime Environment (11.0.10+9) (build 11.0.10+9-Ubuntu-0ubuntu1.20.04)
# Java VM: OpenJDK 64-Bit Server VM (11.0.10+9-Ubuntu-0ubuntu1.20.04, mixed mode, sharing, tiered, compressed oops, g1 gc, linux-amd64)
Heap:
 garbage-first heap   total 98304K, used 68330K [0x00000000a3200000, 0x0000000100000000)
  region size 1024K, 42 young (43008K), 3 survivors (3072K)
 Metaspace       used 34524K, capacity 35762K, committed 35888K, reserved 1081344K
  class space    used 4428K, capacity 4953K, committed 4992K, reserved 1048576K
GC Heap History (20 events):
Event: 818.651 GC heap before
{Heap before GC invocations=41 (full 0):
 garbage-first heap   total 98304K, used 81433K [0x00000000a3200000, 0x0000000100000000)
  region size 1024K, 54 young (55296K), 4 survivors (4096K)
 Metaspace       used 34429K, capacity 35695K, committed 35888K, reserved 1081344K
  class space    used 4422K, capacity 4952K, committed 4992K, reserved 1048576K
}
Event: 818.655 GC heap after
{Heap after GC invocations=42 (full 0):
 garbage-first heap   total 98304K, used 29872K [0x00000000a3200000, 0x0000000100000000)
  region size 1024K, 4 young (4096K), 4 survivors (4096K)
 Metaspace       used 34429K, capacity 35695K, committed 35888K, reserved 1081344K
  class space    used 4422K, capacity 4952K, committed 4992K, reserved 1048576K
}
Event: 871.180 GC heap before
{Heap before GC invocations=42 (full 0):
 garbage-first heap   total 98304K, used 81072K [0x00000000a3200000, 0x0000000100000000)
  region size 1024K, 54 young (55296K), 4 survivors (4096K)
 Metaspace       used 34444K, capacity 35759K, committed 35888K, reserved 1081344K
  class space    used 4422K, capacity 4952K, committed 4992K, reserved 1048576K
}
Event: 871.183 GC heap after
{Heap after GC invocations=43 (full 0):
 garbage-first heap   total 98304K, used 29452K [0x00000000a3200000, 0x0000000100000000)
  region size 1024K, 3 young (3072K), 3 survivors (3072K)
 Metaspace       used 34444K, capacity 35759K, committed 35888K, reserved 1081344K
  class space    used 4422K, capacity 4952K, committed 4992K, reserved 1048576K
}
Event: 878.267 GC heap before
{Heap before GC invocations=43 (full 0):
 garbage-first heap   total 98304K, used 81676K [0x00000000a3200000, 0x0000000100000000)
  region size 1024K, 54 young (55296K), 3 survivors (3072K)
 Metaspace       used 34444K, capacity 35759K, committed 35888K, reserved 1081344K
  class space    used 4422K, capacity 4952K, committed 4992K, reserved 1048576K
}
Event: 878.270 GC heap after
{Heap after GC invocations=44 (full 0):
 garbage-first heap   total 98304K, used 29127K [0x00000000a3200000, 0x0000000100000000)
  region size 1024K, 3 young (3072K), 3 survivors (3072K)
 Metaspace       used 34444K, capacity 35759K, committed 35888K, reserved 1081344K
  class space    used 4422K, capacity 4952K, committed 4992K, reserved 1048576K
}
Event: 898.411 GC heap before
{Heap before GC invocations=44 (full 0):
 garbage-first heap   total 98304K, used 80327K [0x00000000a3200000, 0x0000000100000000)
  region size 1024K, 54 young (55296K), 3 survivors (3072K)
 Metaspace       used 34444K, capacity 35759K, committed 35888K, reserved 1081344K
  class space    used 4422K, capacity 4952K, committed 4992K, reserved 1048576K
}
Event: 898.415 GC heap after
{Heap after GC invocations=45 (full 0):
 garbage-first heap   total 98304K, used 29345K [0x00000000a3200000, 0x0000000100000000)
  region size 1024K, 3 young (3072K), 3 survivors (3072K)
 Metaspace       used 34444K, capacity 35759K, committed 35888K, reserved 1081344K
  class space    used 4422K, capacity 4952K, committed 4992K, reserved 1048576K
}
Event: 928.232 GC heap before
{Heap before GC invocations=45 (full 0):
 garbage-first heap   total 98304K, used 81569K [0x00000000a3200000, 0x0000000100000000)
  region size 1024K, 54 young (55296K), 3 survivors (3072K)
 Metaspace       used 34444K, capacity 35759K, committed 35888K, reserved 1081344K
  class space    used 4422K, capacity 4952K, committed 4992K, reserved 1048576K
}
Event: 928.236 GC heap after
{Heap after GC invocations=46 (full 0):
 garbage-first heap   total 98304K, used 30219K [0x00000000a3200000, 0x0000000100000000)
  region size 1024K, 4 young (4096K), 4 survivors (4096K)
 Metaspace       used 34444K, capacity 35759K, committed 35888K, reserved 1081344K
  class space    used 4422K, capacity 4952K, committed 4992K, reserved 1048576K
}
Event: 941.058 GC heap before
{Heap before GC invocations=46 (full 0):
 garbage-first heap   total 98304K, used 80395K [0x00000000a3200000, 0x0000000100000000)
  region size 1024K, 53 young (54272K), 4 survivors (4096K)
 Metaspace       used 34444K, capacity 35759K, committed 35888K, reserved 1081344K
  class space    used 4422K, capacity 4952K, committed 4992K, reserved 1048576K
}
Event: 941.061 GC heap after
{Heap after GC invocations=47 (full 0):
 garbage-first heap   total 98304K, used 29687K [0x00000000a3200000, 0x0000000100000000)
  region size 1024K, 3 young (3072K), 3 survivors (3072K)
 Metaspace       used 34444K, capacity 35759K, committed 35888K, reserved 1081344K
  class space    used 4422K, capacity 4952K, committed 4992K, reserved 1048576K
}
Event: 947.278 GC heap before
{Heap before GC invocations=47 (full 0):
 garbage-first heap   total 98304K, used 80887K [0x00000000a3200000, 0x0000000100000000)
  region size 1024K, 53 young (54272K), 3 survivors (3072K)
 Metaspace       used 34521K, capacity 35759K, committed 35888K, reserved 1081344K
  class space    used 4428K, capacity 4952K, committed 4992K, reserved 1048576K
}
Event: 947.283 GC heap after
{Heap after GC invocations=48 (full 0):
 garbage-first heap   total 98304K, used 31816K [0x00000000a3200000, 0x0000000100000000)
  region size 1024K, 6 young (6144K), 6 survivors (6144K)
 Metaspace       used 34521K, capacity 35759K, committed 35888K, reserved 1081344K
  class space    used 4428K, capacity 4952K, committed 4992K, reserved 1048576K
}
Event: 985.645 GC heap before
{Heap before GC invocations=48 (full 0):
 garbage-first heap   total 98304K, used 78920K [0x00000000a3200000, 0x0000000100000000)
  region size 1024K, 52 young (53248K), 6 survivors (6144K)
 Metaspace       used 34521K, capacity 35759K, committed 35888K, reserved 1081344K
  class space    used 4428K, capacity 4952K, committed 4992K, reserved 1048576K
}
Event: 985.649 GC heap after
{Heap after GC invocations=49 (full 0):
 garbage-first heap   total 98304K, used 30293K [0x00000000a3200000, 0x0000000100000000)
  region size 1024K, 3 young (3072K), 3 survivors (3072K)
 Metaspace       used 34521K, capacity 35759K, committed 35888K, reserved 1081344K
  class space    used 4428K, capacity 4952K, committed 4992K, reserved 1048576K
}
Event: 990.139 GC heap before
{Heap before GC invocations=49 (full 0):
 garbage-first heap   total 98304K, used 80469K [0x00000000a3200000, 0x0000000100000000)
  region size 1024K, 52 young (53248K), 3 survivors (3072K)
 Metaspace       used 34521K, capacity 35759K, committed 35888K, reserved 1081344K
  class space    used 4428K, capacity 4952K, committed 4992K, reserved 1048576K
}
Event: 990.142 GC heap after
{Heap after GC invocations=50 (full 0):
 garbage-first heap   total 98304K, used 30214K [0x00000000a3200000, 0x0000000100000000)
  region size 1024K, 3 young (3072K), 3 survivors (3072K)
 Metaspace       used 34521K, capacity 35759K, committed 35888K, reserved 1081344K
  class space    used 4428K, capacity 4952K, committed 4992K, reserved 1048576K
}
Event: 999.846 GC heap before
{Heap before GC invocations=50 (full 0):
 garbage-first heap   total 98304K, used 79366K [0x00000000a3200000, 0x0000000100000000)
  region size 1024K, 52 young (53248K), 3 survivors (3072K)
 Metaspace       used 34521K, capacity 35759K, committed 35888K, reserved 1081344K
  class space    used 4428K, capacity 4952K, committed 4992K, reserved 1048576K
}
Event: 999.849 GC heap after
{Heap after GC invocations=51 (full 0):
 garbage-first heap   total 98304K, used 30442K [0x00000000a3200000, 0x0000000100000000)
  region size 1024K, 3 young (3072K), 3 survivors (3072K)
 Metaspace       used 34521K, capacity 35759K, committed 35888K, reserved 1081344K
  class space    used 4428K, capacity 4952K, committed 4992K, reserved 1048576K
}


[error occurred during error reporting (printing ring buffers), id 0x7, SIGBUS (0x7) at pc=0x00007fcb53ef4290]

