# JRE version: OpenJDK Runtime Environment (11.0.10+9) (build 11.0.10+9-Ubuntu-0ubuntu1.20.04)
# Java VM: OpenJDK 64-Bit Server VM (11.0.10+9-Ubuntu-0ubuntu1.20.04, mixed mode, sharing, tiered, compressed oops, parallel gc, linux-amd64)
Heap:
 PSYoungGen      total 6144K, used 5728K [0x00000000eab00000, 0x00000000eb500000, 0x0000000100000000)
  eden space 5632K, 100% used [0x00000000eab00000,0x00000000eb080000,0x00000000eb080000)
  from space 512K, 18% used [0x00000000eb480000,0x00000000eb498000,0x00000000eb500000)
  to   space 512K, 0% used [0x00000000eb400000,0x00000000eb400000,0x00000000eb480000)
 ParOldGen       total 118272K, used 89941K [0x00000000c0000000, 0x00000000c7380000, 0x00000000eab00000)
  object space 118272K, 76% used [0x00000000c0000000,0x00000000c57d57c8,0x00000000c7380000)
 Metaspace       used 75248K, capacity 79089K, committed 79536K, reserved 1120256K
  class space    used 7017K, capacity 8301K, committed 8448K, reserved 1048576K
GC Heap History (20 events):
Event: 5723.807 GC heap before
{Heap before GC invocations=2127 (full 96):
 PSYoungGen      total 6656K, used 6633K [0x00000000eab00000, 0x00000000eb600000, 0x0000000100000000)
  eden space 5632K, 100% used [0x00000000eab00000,0x00000000eb080000,0x00000000eb080000)
  from space 1024K, 97% used [0x00000000eb300000,0x00000000eb3fa400,0x00000000eb400000)
  to   space 2560K, 0% used [0x00000000eb080000,0x00000000eb080000,0x00000000eb300000)
 ParOldGen       total 153600K, used 149203K [0x00000000c0000000, 0x00000000c9600000, 0x00000000eab00000)
  object space 153600K, 97% used [0x00000000c0000000,0x00000000c91b4fd8,0x00000000c9600000)
 Metaspace       used 75172K, capacity 79025K, committed 79536K, reserved 1120256K
  class space    used 7017K, capacity 8301K, committed 8448K, reserved 1048576K
}
Event: 5723.811 GC heap after
{Heap after GC invocations=2127 (full 96):
 PSYoungGen      total 7168K, used 1108K [0x00000000eab00000, 0x00000000eb480000, 0x0000000100000000)
  eden space 5632K, 0% used [0x00000000eab00000,0x00000000eab00000,0x00000000eb080000)
  from space 1536K, 72% used [0x00000000eb080000,0x00000000eb195200,0x00000000eb200000)
  to   space 2048K, 0% used [0x00000000eb280000,0x00000000eb280000,0x00000000eb480000)
 ParOldGen       total 153600K, used 150036K [0x00000000c0000000, 0x00000000c9600000, 0x00000000eab00000)
  object space 153600K, 97% used [0x00000000c0000000,0x00000000c9285130,0x00000000c9600000)
 Metaspace       used 75172K, capacity 79025K, committed 79536K, reserved 1120256K
  class space    used 7017K, capacity 8301K, committed 8448K, reserved 1048576K
}
Event: 5891.573 GC heap before
{Heap before GC invocations=2128 (full 96):
 PSYoungGen      total 7168K, used 6740K [0x00000000eab00000, 0x00000000eb480000, 0x0000000100000000)
  eden space 5632K, 100% used [0x00000000eab00000,0x00000000eb080000,0x00000000eb080000)
  from space 1536K, 72% used [0x00000000eb080000,0x00000000eb195200,0x00000000eb200000)
  to   space 2048K, 0% used [0x00000000eb280000,0x00000000eb280000,0x00000000eb480000)
 ParOldGen       total 153600K, used 150036K [0x00000000c0000000, 0x00000000c9600000, 0x00000000eab00000)
  object space 153600K, 97% used [0x00000000c0000000,0x00000000c9285130,0x00000000c9600000)
 Metaspace       used 75172K, capacity 79025K, committed 79536K, reserved 1120256K
  class space    used 7017K, capacity 8301K, committed 8448K, reserved 1048576K
}
Event: 5891.574 GC heap after
{Heap after GC invocations=2128 (full 96):
 PSYoungGen      total 6144K, used 378K [0x00000000eab00000, 0x00000000eb300000, 0x0000000100000000)
  eden space 5632K, 0% used [0x00000000eab00000,0x00000000eab00000,0x00000000eb080000)
  from space 512K, 73% used [0x00000000eb280000,0x00000000eb2de900,0x00000000eb300000)
  to   space 1024K, 0% used [0x00000000eb100000,0x00000000eb100000,0x00000000eb200000)
 ParOldGen       total 153600K, used 150036K [0x00000000c0000000, 0x00000000c9600000, 0x00000000eab00000)
  object space 153600K, 97% used [0x00000000c0000000,0x00000000c9285130,0x00000000c9600000)
 Metaspace       used 75172K, capacity 79025K, committed 79536K, reserved 1120256K
  class space    used 7017K, capacity 8301K, committed 8448K, reserved 1048576K
}
Event: 5891.886 GC heap before
{Heap before GC invocations=2129 (full 96):
 PSYoungGen      total 6144K, used 6010K [0x00000000eab00000, 0x00000000eb300000, 0x0000000100000000)
  eden space 5632K, 100% used [0x00000000eab00000,0x00000000eb080000,0x00000000eb080000)
  from space 512K, 73% used [0x00000000eb280000,0x00000000eb2de900,0x00000000eb300000)
  to   space 1024K, 0% used [0x00000000eb100000,0x00000000eb100000,0x00000000eb200000)
 ParOldGen       total 153600K, used 150036K [0x00000000c0000000, 0x00000000c9600000, 0x00000000eab00000)
  object space 153600K, 97% used [0x00000000c0000000,0x00000000c9285130,0x00000000c9600000)
 Metaspace       used 75179K, capacity 79025K, committed 79536K, reserved 1120256K
  class space    used 7017K, capacity 8301K, committed 8448K, reserved 1048576K
}
Event: 5891.889 GC heap after
{Heap after GC invocations=2129 (full 96):
 PSYoungGen      total 6656K, used 1009K [0x00000000eab00000, 0x00000000eba80000, 0x0000000100000000)
  eden space 5632K, 0% used [0x00000000eab00000,0x00000000eab00000,0x00000000eb080000)
  from space 1024K, 98% used [0x00000000eb100000,0x00000000eb1fc6c0,0x00000000eb200000)
  to   space 5120K, 0% used [0x00000000eb580000,0x00000000eb580000,0x00000000eba80000)
 ParOldGen       total 153600K, used 153383K [0x00000000c0000000, 0x00000000c9600000, 0x00000000eab00000)
  object space 153600K, 99% used [0x00000000c0000000,0x00000000c95c9f70,0x00000000c9600000)
 Metaspace       used 75179K, capacity 79025K, committed 79536K, reserved 1120256K
  class space    used 7017K, capacity 8301K, committed 8448K, reserved 1048576K
}
Event: 5891.889 GC heap before
{Heap before GC invocations=2130 (full 97):
 PSYoungGen      total 6656K, used 1009K [0x00000000eab00000, 0x00000000eba80000, 0x0000000100000000)
  eden space 5632K, 0% used [0x00000000eab00000,0x00000000eab00000,0x00000000eb080000)
  from space 1024K, 98% used [0x00000000eb100000,0x00000000eb1fc6c0,0x00000000eb200000)
  to   space 5120K, 0% used [0x00000000eb580000,0x00000000eb580000,0x00000000eba80000)
 ParOldGen       total 153600K, used 153383K [0x00000000c0000000, 0x00000000c9600000, 0x00000000eab00000)
  object space 153600K, 99% used [0x00000000c0000000,0x00000000c95c9f70,0x00000000c9600000)
 Metaspace       used 75179K, capacity 79025K, committed 79536K, reserved 1120256K
  class space    used 7017K, capacity 8301K, committed 8448K, reserved 1048576K
}
Event: 5892.051 GC heap after
{Heap after GC invocations=2130 (full 97):
 PSYoungGen      total 10752K, used 0K [0x00000000eab00000, 0x00000000eba80000, 0x0000000100000000)
  eden space 5632K, 0% used [0x00000000eab00000,0x00000000eab00000,0x00000000eb080000)
  from space 5120K, 0% used [0x00000000eb580000,0x00000000eb580000,0x00000000eba80000)
  to   space 5120K, 0% used [0x00000000eb080000,0x00000000eb080000,0x00000000eb580000)
 ParOldGen       total 118272K, used 82669K [0x00000000c0000000, 0x00000000c7380000, 0x00000000eab00000)
  object space 118272K, 69% used [0x00000000c0000000,0x00000000c50bb578,0x00000000c7380000)
 Metaspace       used 75179K, capacity 79025K, committed 79536K, reserved 1120256K
  class space    used 7017K, capacity 8301K, committed 8448K, reserved 1048576K
}
Event: 5892.255 GC heap before
{Heap before GC invocations=2131 (full 97):
 PSYoungGen      total 10752K, used 5632K [0x00000000eab00000, 0x00000000eba80000, 0x0000000100000000)
  eden space 5632K, 100% used [0x00000000eab00000,0x00000000eb080000,0x00000000eb080000)
  from space 5120K, 0% used [0x00000000eb580000,0x00000000eb580000,0x00000000eba80000)
  to   space 5120K, 0% used [0x00000000eb080000,0x00000000eb080000,0x00000000eb580000)
 ParOldGen       total 118272K, used 82669K [0x00000000c0000000, 0x00000000c7380000, 0x00000000eab00000)
  object space 118272K, 69% used [0x00000000c0000000,0x00000000c50bb578,0x00000000c7380000)
 Metaspace       used 75179K, capacity 79025K, committed 79536K, reserved 1120256K
  class space    used 7017K, capacity 8301K, committed 8448K, reserved 1048576K
}
Event: 5892.260 GC heap after
{Heap after GC invocations=2131 (full 97):
 PSYoungGen      total 10752K, used 4794K [0x00000000eab00000, 0x00000000eba80000, 0x0000000100000000)
  eden space 5632K, 0% used [0x00000000eab00000,0x00000000eab00000,0x00000000eb080000)
  from space 5120K, 93% used [0x00000000eb080000,0x00000000eb52e900,0x00000000eb580000)
  to   space 5120K, 0% used [0x00000000eb580000,0x00000000eb580000,0x00000000eba80000)
 ParOldGen       total 118272K, used 82669K [0x00000000c0000000, 0x00000000c7380000, 0x00000000eab00000)
  object space 118272K, 69% used [0x00000000c0000000,0x00000000c50bb578,0x00000000c7380000)
 Metaspace       used 75179K, capacity 79025K, committed 79536K, reserved 1120256K
  class space    used 7017K, capacity 8301K, committed 8448K, reserved 1048576K
}
Event: 5892.353 GC heap before
{Heap before GC invocations=2132 (full 97):
 PSYoungGen      total 10752K, used 10426K [0x00000000eab00000, 0x00000000eba80000, 0x0000000100000000)
  eden space 5632K, 100% used [0x00000000eab00000,0x00000000eb080000,0x00000000eb080000)
  from space 5120K, 93% used [0x00000000eb080000,0x00000000eb52e900,0x00000000eb580000)
  to   space 5120K, 0% used [0x00000000eb580000,0x00000000eb580000,0x00000000eba80000)
 ParOldGen       total 118272K, used 82669K [0x00000000c0000000, 0x00000000c7380000, 0x00000000eab00000)
  object space 118272K, 69% used [0x00000000c0000000,0x00000000c50bb578,0x00000000c7380000)
 Metaspace       used 75231K, capacity 79089K, committed 79536K, reserved 1120256K
  class space    used 7017K, capacity 8301K, committed 8448K, reserved 1048576K
}
Event: 5892.356 GC heap after
{Heap after GC invocations=2132 (full 97):
 PSYoungGen      total 7168K, used 1284K [0x00000000eab00000, 0x00000000eb700000, 0x0000000100000000)
  eden space 5632K, 0% used [0x00000000eab00000,0x00000000eab00000,0x00000000eb080000)
  from space 1536K, 83% used [0x00000000eb580000,0x00000000eb6c1210,0x00000000eb700000)
  to   space 3072K, 0% used [0x00000000eb100000,0x00000000eb100000,0x00000000eb400000)
 ParOldGen       total 118272K, used 87345K [0x00000000c0000000, 0x00000000c7380000, 0x00000000eab00000)
  object space 118272K, 73% used [0x00000000c0000000,0x00000000c554c778,0x00000000c7380000)
 Metaspace       used 75231K, capacity 79089K, committed 79536K, reserved 1120256K
  class space    used 7017K, capacity 8301K, committed 8448K, reserved 1048576K
}
Event: 5895.093 GC heap before
{Heap before GC invocations=2133 (full 97):
 PSYoungGen      total 7168K, used 6916K [0x00000000eab00000, 0x00000000eb700000, 0x0000000100000000)
  eden space 5632K, 100% used [0x00000000eab00000,0x00000000eb080000,0x00000000eb080000)
  from space 1536K, 83% used [0x00000000eb580000,0x00000000eb6c1210,0x00000000eb700000)
  to   space 3072K, 0% used [0x00000000eb100000,0x00000000eb100000,0x00000000eb400000)
 ParOldGen       total 118272K, used 87345K [0x00000000c0000000, 0x00000000c7380000, 0x00000000eab00000)
  object space 118272K, 73% used [0x00000000c0000000,0x00000000c554c778,0x00000000c7380000)
 Metaspace       used 75237K, capacity 79089K, committed 79536K, reserved 1120256K
  class space    used 7017K, capacity 8301K, committed 8448K, reserved 1048576K
}
Event: 5895.101 GC heap after
{Heap after GC invocations=2133 (full 97):
 PSYoungGen      total 8704K, used 3067K [0x00000000eab00000, 0x00000000eb980000, 0x0000000100000000)
  eden space 5632K, 0% used [0x00000000eab00000,0x00000000eab00000,0x00000000eb080000)
  from space 3072K, 99% used [0x00000000eb100000,0x00000000eb3fefc0,0x00000000eb400000)
  to   space 4608K, 0% used [0x00000000eb500000,0x00000000eb500000,0x00000000eb980000)
 ParOldGen       total 118272K, used 88049K [0x00000000c0000000, 0x00000000c7380000, 0x00000000eab00000)
  object space 118272K, 74% used [0x00000000c0000000,0x00000000c55fc778,0x00000000c7380000)
 Metaspace       used 75237K, capacity 79089K, committed 79536K, reserved 1120256K
  class space    used 7017K, capacity 8301K, committed 8448K, reserved 1048576K
}
Event: 5895.133 GC heap before
{Heap before GC invocations=2134 (full 97):
 PSYoungGen      total 8704K, used 8699K [0x00000000eab00000, 0x00000000eb980000, 0x0000000100000000)
  eden space 5632K, 100% used [0x00000000eab00000,0x00000000eb080000,0x00000000eb080000)
  from space 3072K, 99% used [0x00000000eb100000,0x00000000eb3fefc0,0x00000000eb400000)
  to   space 4608K, 0% used [0x00000000eb500000,0x00000000eb500000,0x00000000eb980000)
 ParOldGen       total 118272K, used 88049K [0x00000000c0000000, 0x00000000c7380000, 0x00000000eab00000)
  object space 118272K, 74% used [0x00000000c0000000,0x00000000c55fc778,0x00000000c7380000)
 Metaspace       used 75237K, capacity 79089K, committed 79536K, reserved 1120256K
  class space    used 7017K, capacity 8301K, committed 8448K, reserved 1048576K
}
Event: 5895.135 GC heap after
{Heap after GC invocations=2134 (full 97):
 PSYoungGen      total 6144K, used 436K [0x00000000eab00000, 0x00000000eb580000, 0x0000000100000000)
  eden space 5632K, 0% used [0x00000000eab00000,0x00000000eab00000,0x00000000eb080000)
  from space 512K, 85% used [0x00000000eb500000,0x00000000eb56d200,0x00000000eb580000)
  to   space 2048K, 0% used [0x00000000eb180000,0x00000000eb180000,0x00000000eb380000)
 ParOldGen       total 118272K, used 88985K [0x00000000c0000000, 0x00000000c7380000, 0x00000000eab00000)
  object space 118272K, 75% used [0x00000000c0000000,0x00000000c56e65c8,0x00000000c7380000)
 Metaspace       used 75237K, capacity 79089K, committed 79536K, reserved 1120256K
  class space    used 7017K, capacity 8301K, committed 8448K, reserved 1048576K
}
Event: 6014.948 GC heap before
{Heap before GC invocations=2135 (full 97):
 PSYoungGen      total 6144K, used 6068K [0x00000000eab00000, 0x00000000eb580000, 0x0000000100000000)
  eden space 5632K, 100% used [0x00000000eab00000,0x00000000eb080000,0x00000000eb080000)
  from space 512K, 85% used [0x00000000eb500000,0x00000000eb56d200,0x00000000eb580000)
  to   space 2048K, 0% used [0x00000000eb180000,0x00000000eb180000,0x00000000eb380000)
 ParOldGen       total 118272K, used 88985K [0x00000000c0000000, 0x00000000c7380000, 0x00000000eab00000)
  object space 118272K, 75% used [0x00000000c0000000,0x00000000c56e65c8,0x00000000c7380000)
 Metaspace       used 75239K, capacity 79089K, committed 79536K, reserved 1120256K
  class space    used 7017K, capacity 8301K, committed 8448K, reserved 1048576K
}
Event: 6014.950 GC heap after
{Heap after GC invocations=2135 (full 97):
 PSYoungGen      total 7680K, used 704K [0x00000000eab00000, 0x00000000eb580000, 0x0000000100000000)
  eden space 5632K, 0% used [0x00000000eab00000,0x00000000eab00000,0x00000000eb080000)
  from space 2048K, 34% used [0x00000000eb180000,0x00000000eb230000,0x00000000eb380000)
  to   space 1024K, 0% used [0x00000000eb480000,0x00000000eb480000,0x00000000eb580000)
 ParOldGen       total 118272K, used 89301K [0x00000000c0000000, 0x00000000c7380000, 0x00000000eab00000)
  object space 118272K, 75% used [0x00000000c0000000,0x00000000c57357c8,0x00000000c7380000)
 Metaspace       used 75239K, capacity 79089K, committed 79536K, reserved 1120256K
  class space    used 7017K, capacity 8301K, committed 8448K, reserved 1048576K
}
Event: 7979.901 GC heap before
{Heap before GC invocations=2136 (full 97):
 PSYoungGen      total 7680K, used 6333K [0x00000000eab00000, 0x00000000eb580000, 0x0000000100000000)
  eden space 5632K, 99% used [0x00000000eab00000,0x00000000eb07f598,0x00000000eb080000)
  from space 2048K, 34% used [0x00000000eb180000,0x00000000eb230000,0x00000000eb380000)
  to   space 1024K, 0% used [0x00000000eb480000,0x00000000eb480000,0x00000000eb580000)
 ParOldGen       total 118272K, used 89301K [0x00000000c0000000, 0x00000000c7380000, 0x00000000eab00000)
  object space 118272K, 75% used [0x00000000c0000000,0x00000000c57357c8,0x00000000c7380000)
 Metaspace       used 75247K, capacity 79089K, committed 79536K, reserved 1120256K
  class space    used 7017K, capacity 8301K, committed 8448K, reserved 1048576K
}
Event: 7979.903 GC heap after
{Heap after GC invocations=2136 (full 97):
 PSYoungGen      total 6144K, used 96K [0x00000000eab00000, 0x00000000eb500000, 0x0000000100000000)
  eden space 5632K, 0% used [0x00000000eab00000,0x00000000eab00000,0x00000000eb080000)
  from space 512K, 18% used [0x00000000eb480000,0x00000000eb498000,0x00000000eb500000)
  to   space 512K, 0% used [0x00000000eb400000,0x00000000eb400000,0x00000000eb480000)
 ParOldGen       total 118272K, used 89941K [0x00000000c0000000, 0x00000000c7380000, 0x00000000eab00000)
  object space 118272K, 76% used [0x00000000c0000000,0x00000000c57d57c8,0x00000000c7380000)
 Metaspace       used 75247K, capacity 79089K, committed 79536K, reserved 1120256K
  class space    used 7017K, capacity 8301K, committed 8448K, reserved 1048576K
}

